2018-08-12 16:40:38,104 - EOCApp - ERROR - can not merge DataFrame with instance of type <type 'NoneType'>
2018-08-12 16:40:38,104 - EOCApp - ERROR - 'NoneType' object has no attribute 'empty'
2018-08-12 16:40:38,104 - EOCApp - ERROR - 'NoneType' object has no attribute 'empty'
2018-08-12 16:40:38,104 - EOCApp - ERROR - 'NoneType' object has no attribute '__getitem__'
2018-08-12 16:40:38,105 - EOCApp - ERROR - 'NoneType' object has no attribute 'empty'
2018-08-12 16:40:38,105 - EOCApp - ERROR - 'NoneType' object has no attribute 'empty'
2018-08-12 16:40:38,105 - EOCApp - ERROR - 'NoneType' object has no attribute 'rename'
2018-08-12 16:40:38,115 - EOCApp - ERROR - 'NoneType' object has no attribute 'to_excel'
2018-08-12 16:40:38,121 - EOCApp - ERROR - 'NoneType' object has no attribute 'shape'
2018-08-12 16:40:38,122 - EOCApp - ERROR - 'NoneType' object has no attribute 'empty'
2018-08-12 16:40:38,122 - EOCApp - ERROR - 'NoneType' object has no attribute 'empty'
2018-08-12 16:47:40,477 - EOCApp - ERROR - "['DELIVERED_IMPRESION'] not in index"
2018-08-12 16:47:40,480 - EOCApp - ERROR - 'NoneType' object has no attribute '__getitem__'
2018-08-12 16:47:40,480 - EOCApp - ERROR - 'NoneType' object has no attribute 'rename'
2018-08-12 16:47:40,490 - EOCApp - ERROR - 'NoneType' object has no attribute 'to_excel'
2018-08-12 16:47:40,494 - EOCApp - ERROR - 'NoneType' object has no attribute 'shape'
2018-08-12 17:32:58,424 - EOCApp - ERROR - 'SqlScript' object has no attribute 'read_sql_sales_mv'
2018-08-12 17:32:58,426 - EOCApp - ERROR - 'SqlScript' object has no attribute 'read_sql_adsize_mv'
2018-08-12 17:32:58,426 - EOCApp - ERROR - 'SqlScript' object has no attribute 'read_sql_daily_mv'
2018-08-12 17:32:58,426 - EOCApp - ERROR - 'SqlScript' object has no attribute 'read_sql_sales_mv'
2018-08-12 17:32:58,426 - EOCApp - ERROR - 'SqlScript' object has no attribute 'read_sql_sales_mv'
2018-08-12 17:32:58,426 - EOCApp - ERROR - 'SqlScript' object has no attribute 'read_sql_adsize_mv'
2018-08-12 17:32:58,426 - EOCApp - ERROR - 'SqlScript' object has no attribute 'read_sql_daily_mv'
2018-08-12 17:32:58,426 - EOCApp - ERROR - 'SqlScript' object has no attribute 'read_sql_sales_mv'
2018-08-12 17:32:58,426 - EOCApp - ERROR - 'SqlScript' object has no attribute 'read_sql_adsize_mv'
2018-08-12 17:32:58,427 - EOCApp - ERROR - 'SqlScript' object has no attribute 'read_sql_daily_mv'
2018-08-12 18:07:06,434 - EOCApp - ERROR - 'SqlScript' object has no attribute 'read_sql_sales'
2018-08-12 18:07:06,441 - EOCApp - ERROR - 'SqlScript' object has no attribute 'read_sql_daily_mv'
2018-08-12 18:07:06,441 - EOCApp - ERROR - 'SqlScript' object has no attribute 'read_sql_sales_mv'
2018-08-12 18:07:06,441 - EOCApp - ERROR - 'SqlScript' object has no attribute 'read_sql_sales_mv'
2018-08-12 18:07:06,441 - EOCApp - ERROR - 'NoneType' object has no attribute 'rename'
2018-08-12 18:07:06,441 - EOCApp - ERROR - 'SqlScript' object has no attribute 'read_sql_daily_mv'
2018-08-12 18:07:06,443 - EOCApp - ERROR - 'SqlScript' object has no attribute 'read_sql_sales_mv'
2018-08-12 18:51:32,084 - EOCApp - ERROR - 'SqlScript' object has no attribute 'read_sql_sales_mv'
2018-08-12 18:51:32,088 - EOCApp - ERROR - 'SqlScript' object has no attribute 'read_sql_sales_mv'
2018-08-12 18:51:32,118 - EOCApp - ERROR - 'SqlScript' object has no attribute 'read_sql_sales_mv'
2018-08-12 18:51:32,118 - EOCApp - ERROR - 'CTR'
2018-08-12 18:51:32,118 - EOCApp - ERROR - 'CTR'
2018-08-12 18:51:32,119 - EOCApp - ERROR - "['Placement# Name' 'Unit Cost' 'Booked Impressions'\n 'Delivered Impressions' 'Clicks' 'CTR' 'Conversion' 'Spend' 'eCPA'] not in index"
