2018-08-13 22:04:27,503 - EOCApp - ERROR - "['IMPRESSION' 'ENG' 'DEEP'] not in index"
2018-08-13 22:04:27,503 - EOCApp - ERROR - 'NoneType' object has no attribute '__getitem__'
2018-08-13 22:34:46,397 - EOCApp - ERROR - u"None of [['ENG']] are in the [columns]"
2018-08-13 22:34:46,398 - EOCApp - ERROR - 'NoneType' object has no attribute '__getitem__'
2018-08-13 22:40:36,732 - EOCApp - ERROR - u"None of [['IMPRESSION']] are in the [columns]"
2018-08-13 22:40:36,733 - EOCApp - ERROR - 'NoneType' object has no attribute '__getitem__'
2018-08-14 17:51:22,470 - EOCApp - ERROR - 'NoneType' object has no attribute 'empty'
2018-08-14 17:51:22,470 - EOCApp - ERROR - 'NoneType' object has no attribute 'empty'
2018-08-14 17:51:22,470 - EOCApp - ERROR - 'NoneType' object has no attribute 'empty'
2018-08-14 17:51:22,470 - EOCApp - ERROR - 'NoneType' object has no attribute 'empty'
2018-08-14 17:51:22,470 - EOCApp - ERROR - 'NoneType' object has no attribute 'empty'
2018-08-14 18:25:33,137 - EOCApp - ERROR - 'ENG25'
2018-08-14 18:25:33,198 - EOCApp - ERROR - 'NoneType' object has no attribute 'groupby'
2018-08-14 20:11:06,117 - EOCApp - ERROR - 'ENG25'
2018-08-14 20:11:06,266 - EOCApp - ERROR - 'NoneType' object has no attribute 'groupby'
2018-08-14 20:30:42,752 - EOCApp - ERROR - 'ENG25'
2018-08-14 20:30:43,061 - EOCApp - ERROR - 'NoneType' object has no attribute 'groupby'
2018-08-14 21:07:50,415 - EOCApp - ERROR - 'VIEW100'
2018-08-14 21:12:16,733 - EOCApp - ERROR - 'VIEW100'
2018-08-14 21:20:26,382 - EOCApp - ERROR - 'VIEW100'
2018-08-14 21:28:14,293 - EOCApp - ERROR - 'VIEW100'
2018-08-14 21:44:27,132 - EOCApp - ERROR - 'VIEW100'
2018-08-15 08:36:08,698 - EOCApp - ERROR - 'VIEW100'
2018-08-15 08:40:11,443 - EOCApp - ERROR - 'VIEW100'
2018-08-15 09:02:15,493 - EOCApp - ERROR - 'VIEW100'
2018-08-15 09:05:25,408 - EOCApp - ERROR - 'VIEW100'
2018-08-15 10:48:46,361 - EOCApp - ERROR - 'SqlScript' object has no attribute 'read_sql_km_for_video'
2018-08-15 10:48:46,361 - EOCApp - ERROR - 'Video' object has no attribute 'read_sql_vdx_summary'
2018-08-15 10:48:46,361 - EOCApp - ERROR - 'Video' object has no attribute 'read_sql_vdx_summary'
2018-08-15 10:48:46,368 - EOCApp - ERROR - 'SqlScript' object has no attribute 'read_sql_vdx_km'
2018-08-15 10:48:46,385 - EOCApp - ERROR - 'NoneType' object has no attribute 'groupby'
2018-08-15 10:54:17,420 - EOCApp - ERROR - can not merge DataFrame with instance of type <type 'NoneType'>
2018-08-15 10:54:17,421 - EOCApp - ERROR - 'Video' object has no attribute 'read_sql_vdx_summary'
2018-08-15 10:54:17,421 - EOCApp - ERROR - 'Video' object has no attribute 'read_sql_vdx_summary'
2018-08-15 10:54:17,426 - EOCApp - ERROR - 'SqlScript' object has no attribute 'read_sql_vdx_km'
2018-08-15 10:54:17,440 - EOCApp - ERROR - 'NoneType' object has no attribute 'groupby'
2018-08-15 11:04:51,210 - EOCApp - ERROR - can not merge DataFrame with instance of type <type 'NoneType'>
2018-08-15 11:04:51,210 - EOCApp - ERROR - 'Video' object has no attribute 'read_sql_vdx_summary'
2018-08-15 11:04:51,210 - EOCApp - ERROR - 'Video' object has no attribute 'read_sql_vdx_summary'
2018-08-15 11:04:51,219 - EOCApp - ERROR - 'SqlScript' object has no attribute 'read_sql_vdx_km'
2018-08-15 11:04:51,240 - EOCApp - ERROR - 'NoneType' object has no attribute 'groupby'
2018-08-15 19:42:48,292 - EOCApp - ERROR - 'SqlScript' object has no attribute 'read_sql_vdx_km'
2018-08-15 19:42:48,312 - EOCApp - ERROR - 'NoneType' object has no attribute 'empty'
2018-08-15 19:46:22,674 - EOCApp - ERROR - 'NoneType' object has no attribute 'empty'
2018-08-15 20:14:39,247 - EOCApp - ERROR - "['DPEENGAMENTS'] not in index"
2018-08-15 23:37:31,938 - EOCApp - ERROR - 'DPEENGAMENTS'
2018-08-15 23:41:46,342 - EOCApp - ERROR - 'DPEENGAMENTS'
2018-08-16 17:50:40,315 - EOCApp - ERROR - "['DPEENGAGEMENTS'] not in index"
2018-08-16 18:10:48,489 - EOCApp - ERROR - 'DPEENGAMENTS'
