2018-04-24 16:54:23,326 - EOCApp - ERROR - Cannot set a frame with no defined index and a value that cannot be converted to a SeriesNo valid placements for VDX Creative for IO - 604947
2018-04-24 16:54:23,326 - EOCApp - ERROR - Cannot set a frame with no defined index and a value that cannot be converted to a SeriesNo valid placements for VDX Creative for IO - 604947
2018-04-24 16:54:23,326 - EOCApp - ERROR - "['Delivered_Engagements' 'Delivered_Impressions'] not in index"No valid placements for VDX Creative for IO - 604947
2018-04-24 16:54:26,335 - EOCApp - ERROR - Cannot set a frame with no defined index and a value that cannot be converted to a SeriesNo valid placements for VDX Creative for IO - 604947
2018-04-24 16:54:26,335 - EOCApp - ERROR - Cannot set a frame with no defined index and a value that cannot be converted to a SeriesNo valid placements for VDX Creative for IO - 604947
2018-04-24 16:54:26,335 - EOCApp - ERROR - "['Delivered_Engagements' 'Delivered_Impressions'] not in index"No valid placements for VDX Creative for IO - 604947
2018-04-24 16:54:26,381 - EOCApp - ERROR - 'Delivered_Engagements'No valid vdx placements for IO - 604947
2018-04-24 16:54:26,381 - EOCApp - ERROR - 'Delivered_Engagements'No valid vdx placements for IO - 604947
2018-04-24 16:54:26,381 - EOCApp - ERROR - 'COST_TYPE'No valid vdx placements for IO - 604947
2018-04-24 16:54:26,381 - EOCApp - ERROR - 'Delivery%'No valid No valid vdx placements
2018-04-24 16:54:29,229 - EOCApp - ERROR - Cannot set a frame with no defined index and a value that cannot be converted to a SeriesNo valid placements for VDX Creative for IO - 604947
2018-04-24 16:54:29,229 - EOCApp - ERROR - Cannot set a frame with no defined index and a value that cannot be converted to a SeriesNo valid placements for VDX Creative for IO - 604947
2018-04-24 16:54:29,229 - EOCApp - ERROR - "['Delivered_Engagements' 'Delivered_Impressions'] not in index"No valid placements for VDX Creative for IO - 604947
2018-04-24 16:54:29,243 - EOCApp - ERROR - 'Delivered_Engagements'No valid vdx placements for IO - 604947
2018-04-24 16:54:29,243 - EOCApp - ERROR - 'Delivered_Engagements'No valid vdx placements for IO - 604947
2018-04-24 16:54:29,243 - EOCApp - ERROR - 'COST_TYPE'No valid vdx placements for IO - 604947
2018-04-24 16:54:29,243 - EOCApp - ERROR - 'Delivery%'No valid No valid vdx placements
2018-04-24 16:54:32,407 - EOCApp - ERROR - Cannot set a frame with no defined index and a value that cannot be converted to a SeriesNo valid placements for VDX Creative for IO - 604947
2018-04-24 16:54:32,424 - EOCApp - ERROR - Cannot set a frame with no defined index and a value that cannot be converted to a SeriesNo valid placements for VDX Creative for IO - 604947
2018-04-24 16:54:32,424 - EOCApp - ERROR - "['Delivered_Engagements' 'Delivered_Impressions'] not in index"No valid placements for VDX Creative for IO - 604947
2018-04-24 16:54:32,440 - EOCApp - ERROR - 'Delivered_Engagements'No valid vdx placements for IO - 604947
2018-04-24 16:54:32,440 - EOCApp - ERROR - 'Delivered_Engagements'No valid vdx placements for IO - 604947
2018-04-24 16:54:32,440 - EOCApp - ERROR - 'COST_TYPE'No valid vdx placements for IO - 604947
2018-04-24 16:54:32,440 - EOCApp - ERROR - 'Delivery%'No valid No valid vdx placements
2018-04-24 16:54:35,503 - EOCApp - ERROR - Cannot set a frame with no defined index and a value that cannot be converted to a SeriesNo valid placements for VDX Creative for IO - 604947
2018-04-24 16:54:35,519 - EOCApp - ERROR - Cannot set a frame with no defined index and a value that cannot be converted to a SeriesNo valid placements for VDX Creative for IO - 604947
2018-04-24 16:54:35,519 - EOCApp - ERROR - "['Delivered_Engagements' 'Delivered_Impressions'] not in index"No valid placements for VDX Creative for IO - 604947
2018-04-24 16:54:35,519 - EOCApp - ERROR - 'Delivered_Engagements'No valid vdx placements for IO - 604947
2018-04-24 16:54:35,519 - EOCApp - ERROR - 'Delivered_Engagements'No valid vdx placements for IO - 604947
2018-04-24 16:54:35,519 - EOCApp - ERROR - 'COST_TYPE'No valid vdx placements for IO - 604947
2018-04-24 16:54:35,519 - EOCApp - ERROR - 'Delivery%'No valid No valid vdx placements
