2018-04-24 20:30:53,911 - EOCApp - ERROR - Cannot set a frame with no defined index and a value that cannot be converted to a SeriesNo valid placements for VDX Creative for IO - 593397
2018-04-24 20:30:53,927 - EOCApp - ERROR - Cannot set a frame with no defined index and a value that cannot be converted to a SeriesNo valid placements for VDX Creative for IO - 593397
2018-04-24 20:30:53,930 - EOCApp - ERROR - "['Delivered_Engagements' 'Delivered_Impressions'] not in index"No valid placements for VDX Creative for IO - 593397
2018-04-24 20:30:53,934 - EOCApp - ERROR - Cannot set a frame with no defined index and a value that cannot be converted to a SeriesNo valid preroll placements for IO - 593397
2018-04-24 20:30:53,936 - EOCApp - ERROR - "['Delivered_Impressions'] not in index"No valid preroll placements for IO - 593397
2018-04-24 20:30:56,315 - EOCApp - ERROR - Cannot set a frame with no defined index and a value that cannot be converted to a SeriesNo valid placements for VDX Creative for IO - 593397
2018-04-24 20:30:56,329 - EOCApp - ERROR - Cannot set a frame with no defined index and a value that cannot be converted to a SeriesNo valid placements for VDX Creative for IO - 593397
2018-04-24 20:30:56,329 - EOCApp - ERROR - "['Delivered_Engagements' 'Delivered_Impressions'] not in index"No valid placements for VDX Creative for IO - 593397
2018-04-24 20:30:56,329 - EOCApp - ERROR - Cannot set a frame with no defined index and a value that cannot be converted to a SeriesNo valid preroll placements for IO - 593397
2018-04-24 20:30:56,329 - EOCApp - ERROR - "['Delivered_Impressions'] not in index"No valid preroll placements for IO - 593397
2018-04-24 20:30:56,377 - EOCApp - ERROR - 'Delivered_Engagements'No valid vdx placements for IO - 593397
2018-04-24 20:30:56,377 - EOCApp - ERROR - 'Delivered_Engagements'No valid vdx placements for IO - 593397
2018-04-24 20:30:56,377 - EOCApp - ERROR - 'COST_TYPE'No valid vdx placements for IO - 593397
2018-04-24 20:30:56,377 - EOCApp - ERROR - 'Delivery%'No valid No valid vdx placements
2018-04-24 20:30:56,377 - EOCApp - ERROR - 'PLACEMENT#'No valid preroll placements for IO - 593397
2018-04-24 20:30:56,377 - EOCApp - ERROR - 'Delivered_Impressions'No valid preroll placements for IO - 593397
2018-04-24 20:30:56,377 - EOCApp - ERROR - 'Delivery%'No valid preroll placements for IO - 593397
2018-04-24 20:30:58,696 - EOCApp - ERROR - Cannot set a frame with no defined index and a value that cannot be converted to a SeriesNo valid placements for VDX Creative for IO - 593397
2018-04-24 20:30:58,696 - EOCApp - ERROR - Cannot set a frame with no defined index and a value that cannot be converted to a SeriesNo valid placements for VDX Creative for IO - 593397
2018-04-24 20:30:58,696 - EOCApp - ERROR - "['Delivered_Engagements' 'Delivered_Impressions'] not in index"No valid placements for VDX Creative for IO - 593397
2018-04-24 20:30:58,711 - EOCApp - ERROR - Cannot set a frame with no defined index and a value that cannot be converted to a SeriesNo valid preroll placements for IO - 593397
2018-04-24 20:30:58,711 - EOCApp - ERROR - "['Delivered_Impressions'] not in index"No valid preroll placements for IO - 593397
2018-04-24 20:30:58,726 - EOCApp - ERROR - 'Delivered_Engagements'No valid vdx placements for IO - 593397
2018-04-24 20:30:58,726 - EOCApp - ERROR - 'Delivered_Engagements'No valid vdx placements for IO - 593397
2018-04-24 20:30:58,726 - EOCApp - ERROR - 'COST_TYPE'No valid vdx placements for IO - 593397
2018-04-24 20:30:58,726 - EOCApp - ERROR - 'Delivery%'No valid No valid vdx placements
2018-04-24 20:30:58,726 - EOCApp - ERROR - 'PLACEMENT#'No valid preroll placements for IO - 593397
2018-04-24 20:30:58,726 - EOCApp - ERROR - 'Delivered_Impressions'No valid preroll placements for IO - 593397
2018-04-24 20:30:58,726 - EOCApp - ERROR - 'Delivery%'No valid preroll placements for IO - 593397
2018-04-24 20:31:01,055 - EOCApp - ERROR - Cannot set a frame with no defined index and a value that cannot be converted to a SeriesNo valid placements for VDX Creative for IO - 593397
2018-04-24 20:31:01,055 - EOCApp - ERROR - Cannot set a frame with no defined index and a value that cannot be converted to a SeriesNo valid placements for VDX Creative for IO - 593397
2018-04-24 20:31:01,055 - EOCApp - ERROR - "['Delivered_Engagements' 'Delivered_Impressions'] not in index"No valid placements for VDX Creative for IO - 593397
2018-04-24 20:31:01,055 - EOCApp - ERROR - Cannot set a frame with no defined index and a value that cannot be converted to a SeriesNo valid preroll placements for IO - 593397
2018-04-24 20:31:01,071 - EOCApp - ERROR - "['Delivered_Impressions'] not in index"No valid preroll placements for IO - 593397
2018-04-24 20:31:01,086 - EOCApp - ERROR - 'Delivered_Engagements'No valid vdx placements for IO - 593397
2018-04-24 20:31:01,086 - EOCApp - ERROR - 'Delivered_Engagements'No valid vdx placements for IO - 593397
2018-04-24 20:31:01,086 - EOCApp - ERROR - 'COST_TYPE'No valid vdx placements for IO - 593397
2018-04-24 20:31:01,086 - EOCApp - ERROR - 'Delivery%'No valid No valid vdx placements
2018-04-24 20:31:01,086 - EOCApp - ERROR - 'PLACEMENT#'No valid preroll placements for IO - 593397
2018-04-24 20:31:01,086 - EOCApp - ERROR - 'Delivered_Impressions'No valid preroll placements for IO - 593397
2018-04-24 20:31:01,086 - EOCApp - ERROR - 'Delivery%'No valid preroll placements for IO - 593397
2018-04-24 20:31:03,423 - EOCApp - ERROR - Cannot set a frame with no defined index and a value that cannot be converted to a SeriesNo valid placements for VDX Creative for IO - 593397
2018-04-24 20:31:03,423 - EOCApp - ERROR - Cannot set a frame with no defined index and a value that cannot be converted to a SeriesNo valid placements for VDX Creative for IO - 593397
2018-04-24 20:31:03,423 - EOCApp - ERROR - "['Delivered_Engagements' 'Delivered_Impressions'] not in index"No valid placements for VDX Creative for IO - 593397
2018-04-24 20:31:03,437 - EOCApp - ERROR - Cannot set a frame with no defined index and a value that cannot be converted to a SeriesNo valid preroll placements for IO - 593397
2018-04-24 20:31:03,437 - EOCApp - ERROR - "['Delivered_Impressions'] not in index"No valid preroll placements for IO - 593397
2018-04-24 20:31:03,453 - EOCApp - ERROR - 'Delivered_Engagements'No valid vdx placements for IO - 593397
2018-04-24 20:31:03,453 - EOCApp - ERROR - 'Delivered_Engagements'No valid vdx placements for IO - 593397
2018-04-24 20:31:03,453 - EOCApp - ERROR - 'COST_TYPE'No valid vdx placements for IO - 593397
2018-04-24 20:31:03,453 - EOCApp - ERROR - 'Delivery%'No valid No valid vdx placements
2018-04-24 20:31:03,453 - EOCApp - ERROR - 'PLACEMENT#'No valid preroll placements for IO - 593397
2018-04-24 20:31:03,453 - EOCApp - ERROR - 'Delivered_Impressions'No valid preroll placements for IO - 593397
2018-04-24 20:31:03,453 - EOCApp - ERROR - 'Delivery%'No valid preroll placements for IO - 593397
2018-04-24 21:17:23,582 - EOCApp - ERROR - Cannot set a frame with no defined index and a value that cannot be converted to a SeriesNo valid placements for VDX Creative for IO - 593397
2018-04-24 21:17:23,596 - EOCApp - ERROR - Cannot set a frame with no defined index and a value that cannot be converted to a SeriesNo valid placements for VDX Creative for IO - 593397
2018-04-24 21:17:23,596 - EOCApp - ERROR - "['Delivered_Engagements' 'Delivered_Impressions'] not in index"No valid placements for VDX Creative for IO - 593397
2018-04-24 21:17:23,612 - EOCApp - ERROR - Cannot set a frame with no defined index and a value that cannot be converted to a SeriesNo valid preroll placements for IO - 593397
2018-04-24 21:17:23,612 - EOCApp - ERROR - "['Delivered_Impressions'] not in index"No valid preroll placements for IO - 593397
2018-04-24 21:17:25,994 - EOCApp - ERROR - Cannot set a frame with no defined index and a value that cannot be converted to a SeriesNo valid placements for VDX Creative for IO - 593397
2018-04-24 21:17:25,994 - EOCApp - ERROR - Cannot set a frame with no defined index and a value that cannot be converted to a SeriesNo valid placements for VDX Creative for IO - 593397
2018-04-24 21:17:25,994 - EOCApp - ERROR - "['Delivered_Engagements' 'Delivered_Impressions'] not in index"No valid placements for VDX Creative for IO - 593397
2018-04-24 21:17:26,010 - EOCApp - ERROR - Cannot set a frame with no defined index and a value that cannot be converted to a SeriesNo valid preroll placements for IO - 593397
2018-04-24 21:17:26,010 - EOCApp - ERROR - "['Delivered_Impressions'] not in index"No valid preroll placements for IO - 593397
2018-04-24 21:17:26,042 - EOCApp - ERROR - 'Delivered_Engagements'No valid vdx placements for IO - 593397
2018-04-24 21:17:26,058 - EOCApp - ERROR - 'Delivered_Engagements'No valid vdx placements for IO - 593397
2018-04-24 21:17:26,058 - EOCApp - ERROR - 'COST_TYPE'No valid vdx placements for IO - 593397
2018-04-24 21:17:26,058 - EOCApp - ERROR - 'Delivery%'No valid No valid vdx placements
2018-04-24 21:17:26,058 - EOCApp - ERROR - 'PLACEMENT#'No valid preroll placements for IO - 593397
2018-04-24 21:17:26,058 - EOCApp - ERROR - 'Delivered_Impressions'No valid preroll placements for IO - 593397
2018-04-24 21:17:26,058 - EOCApp - ERROR - 'Delivery%'No valid preroll placements for IO - 593397
2018-04-24 21:17:28,293 - EOCApp - ERROR - Cannot set a frame with no defined index and a value that cannot be converted to a SeriesNo valid placements for VDX Creative for IO - 593397
2018-04-24 21:17:28,293 - EOCApp - ERROR - Cannot set a frame with no defined index and a value that cannot be converted to a SeriesNo valid placements for VDX Creative for IO - 593397
2018-04-24 21:17:28,293 - EOCApp - ERROR - "['Delivered_Engagements' 'Delivered_Impressions'] not in index"No valid placements for VDX Creative for IO - 593397
2018-04-24 21:17:28,309 - EOCApp - ERROR - Cannot set a frame with no defined index and a value that cannot be converted to a SeriesNo valid preroll placements for IO - 593397
2018-04-24 21:17:28,309 - EOCApp - ERROR - "['Delivered_Impressions'] not in index"No valid preroll placements for IO - 593397
2018-04-24 21:17:28,325 - EOCApp - ERROR - 'Delivered_Engagements'No valid vdx placements for IO - 593397
2018-04-24 21:17:28,325 - EOCApp - ERROR - 'Delivered_Engagements'No valid vdx placements for IO - 593397
2018-04-24 21:17:28,325 - EOCApp - ERROR - 'COST_TYPE'No valid vdx placements for IO - 593397
2018-04-24 21:17:28,325 - EOCApp - ERROR - 'Delivery%'No valid No valid vdx placements
2018-04-24 21:17:28,325 - EOCApp - ERROR - 'PLACEMENT#'No valid preroll placements for IO - 593397
2018-04-24 21:17:28,325 - EOCApp - ERROR - 'Delivered_Impressions'No valid preroll placements for IO - 593397
2018-04-24 21:17:28,325 - EOCApp - ERROR - 'Delivery%'No valid preroll placements for IO - 593397
2018-04-24 21:17:30,642 - EOCApp - ERROR - Cannot set a frame with no defined index and a value that cannot be converted to a SeriesNo valid placements for VDX Creative for IO - 593397
2018-04-24 21:17:30,642 - EOCApp - ERROR - Cannot set a frame with no defined index and a value that cannot be converted to a SeriesNo valid placements for VDX Creative for IO - 593397
2018-04-24 21:17:30,642 - EOCApp - ERROR - "['Delivered_Engagements' 'Delivered_Impressions'] not in index"No valid placements for VDX Creative for IO - 593397
2018-04-24 21:17:30,657 - EOCApp - ERROR - Cannot set a frame with no defined index and a value that cannot be converted to a SeriesNo valid preroll placements for IO - 593397
2018-04-24 21:17:30,657 - EOCApp - ERROR - "['Delivered_Impressions'] not in index"No valid preroll placements for IO - 593397
2018-04-24 21:17:30,674 - EOCApp - ERROR - 'Delivered_Engagements'No valid vdx placements for IO - 593397
2018-04-24 21:17:30,674 - EOCApp - ERROR - 'Delivered_Engagements'No valid vdx placements for IO - 593397
2018-04-24 21:17:30,674 - EOCApp - ERROR - 'COST_TYPE'No valid vdx placements for IO - 593397
2018-04-24 21:17:30,674 - EOCApp - ERROR - 'Delivery%'No valid No valid vdx placements
2018-04-24 21:17:30,674 - EOCApp - ERROR - 'PLACEMENT#'No valid preroll placements for IO - 593397
2018-04-24 21:17:30,674 - EOCApp - ERROR - 'Delivered_Impressions'No valid preroll placements for IO - 593397
2018-04-24 21:17:30,674 - EOCApp - ERROR - 'Delivery%'No valid preroll placements for IO - 593397
2018-04-24 21:17:33,282 - EOCApp - ERROR - Cannot set a frame with no defined index and a value that cannot be converted to a SeriesNo valid placements for VDX Creative for IO - 593397
2018-04-24 21:17:33,282 - EOCApp - ERROR - Cannot set a frame with no defined index and a value that cannot be converted to a SeriesNo valid placements for VDX Creative for IO - 593397
2018-04-24 21:17:33,298 - EOCApp - ERROR - "['Delivered_Engagements' 'Delivered_Impressions'] not in index"No valid placements for VDX Creative for IO - 593397
2018-04-24 21:17:33,298 - EOCApp - ERROR - Cannot set a frame with no defined index and a value that cannot be converted to a SeriesNo valid preroll placements for IO - 593397
2018-04-24 21:17:33,298 - EOCApp - ERROR - "['Delivered_Impressions'] not in index"No valid preroll placements for IO - 593397
2018-04-24 21:17:33,313 - EOCApp - ERROR - 'Delivered_Engagements'No valid vdx placements for IO - 593397
2018-04-24 21:17:33,313 - EOCApp - ERROR - 'Delivered_Engagements'No valid vdx placements for IO - 593397
2018-04-24 21:17:33,313 - EOCApp - ERROR - 'COST_TYPE'No valid vdx placements for IO - 593397
2018-04-24 21:17:33,313 - EOCApp - ERROR - 'Delivery%'No valid No valid vdx placements
2018-04-24 21:17:33,313 - EOCApp - ERROR - 'PLACEMENT#'No valid preroll placements for IO - 593397
2018-04-24 21:17:33,313 - EOCApp - ERROR - 'Delivered_Impressions'No valid preroll placements for IO - 593397
2018-04-24 21:17:33,313 - EOCApp - ERROR - 'Delivery%'No valid preroll placements for IO - 593397
2018-04-24 21:24:02,786 - EOCApp - ERROR - Cannot set a frame with no defined index and a value that cannot be converted to a SeriesNo valid placements for VDX Creative for IO - 593397
2018-04-24 21:24:02,815 - EOCApp - ERROR - Cannot set a frame with no defined index and a value that cannot be converted to a SeriesNo valid placements for VDX Creative for IO - 593397
2018-04-24 21:24:02,821 - EOCApp - ERROR - "['Delivered_Engagements' 'Delivered_Impressions'] not in index"No valid placements for VDX Creative for IO - 593397
2018-04-24 21:24:02,821 - EOCApp - ERROR - Cannot set a frame with no defined index and a value that cannot be converted to a SeriesNo valid preroll placements for IO - 593397
2018-04-24 21:24:02,821 - EOCApp - ERROR - "['Delivered_Impressions'] not in index"No valid preroll placements for IO - 593397
2018-04-24 21:24:02,914 - EOCApp - ERROR - 'Delivered_Engagements'No valid vdx placements for IO - 593397
2018-04-24 21:24:02,914 - EOCApp - ERROR - 'Delivered_Engagements'No valid vdx placements for IO - 593397
2018-04-24 21:24:02,914 - EOCApp - ERROR - 'COST_TYPE'No valid vdx placements for IO - 593397
2018-04-24 21:24:02,914 - EOCApp - ERROR - 'Delivery%'No valid No valid vdx placements
2018-04-24 21:24:02,914 - EOCApp - ERROR - 'PLACEMENT#'No valid preroll placements for IO - 593397
2018-04-24 21:24:02,914 - EOCApp - ERROR - 'Delivered_Impressions'No valid preroll placements for IO - 593397
2018-04-24 21:24:02,914 - EOCApp - ERROR - 'Delivery%'No valid preroll placements for IO - 593397
2018-04-24 21:27:48,480 - EOCApp - ERROR - Cannot set a frame with no defined index and a value that cannot be converted to a SeriesNo valid placements for VDX Creative for IO - 593397
2018-04-24 21:27:48,480 - EOCApp - ERROR - Cannot set a frame with no defined index and a value that cannot be converted to a SeriesNo valid placements for VDX Creative for IO - 593397
2018-04-24 21:27:48,480 - EOCApp - ERROR - "['Delivered_Engagements' 'Delivered_Impressions'] not in index"No valid placements for VDX Creative for IO - 593397
2018-04-24 21:27:48,496 - EOCApp - ERROR - Cannot set a frame with no defined index and a value that cannot be converted to a SeriesNo valid preroll placements for IO - 593397
2018-04-24 21:27:48,496 - EOCApp - ERROR - "['Delivered_Impressions'] not in index"No valid preroll placements for IO - 593397
2018-04-24 21:27:48,573 - EOCApp - ERROR - 'Delivered_Engagements'No valid vdx placements for IO - 593397
2018-04-24 21:27:48,573 - EOCApp - ERROR - 'Delivered_Engagements'No valid vdx placements for IO - 593397
2018-04-24 21:27:48,573 - EOCApp - ERROR - 'COST_TYPE'No valid vdx placements for IO - 593397
2018-04-24 21:27:48,573 - EOCApp - ERROR - 'Delivery%'No valid No valid vdx placements
2018-04-24 21:27:48,573 - EOCApp - ERROR - 'PLACEMENT#'No valid preroll placements for IO - 593397
2018-04-24 21:27:48,573 - EOCApp - ERROR - 'Delivered_Impressions'No valid preroll placements for IO - 593397
2018-04-24 21:27:48,573 - EOCApp - ERROR - 'Delivery%'No valid preroll placements for IO - 593397
2018-04-24 21:28:57,128 - EOCApp - ERROR - Cannot set a frame with no defined index and a value that cannot be converted to a SeriesNo valid placements for VDX Creative for IO - 593397
2018-04-24 21:28:57,144 - EOCApp - ERROR - Cannot set a frame with no defined index and a value that cannot be converted to a SeriesNo valid placements for VDX Creative for IO - 593397
2018-04-24 21:28:57,144 - EOCApp - ERROR - "['Delivered_Engagements' 'Delivered_Impressions'] not in index"No valid placements for VDX Creative for IO - 593397
2018-04-24 21:28:57,160 - EOCApp - ERROR - Cannot set a frame with no defined index and a value that cannot be converted to a SeriesNo valid preroll placements for IO - 593397
2018-04-24 21:28:57,160 - EOCApp - ERROR - "['Delivered_Impressions'] not in index"No valid preroll placements for IO - 593397
2018-04-24 21:28:57,190 - EOCApp - ERROR - 'Delivered_Engagements'No valid vdx placements for IO - 593397
2018-04-24 21:28:57,190 - EOCApp - ERROR - 'Delivered_Engagements'No valid vdx placements for IO - 593397
2018-04-24 21:28:57,190 - EOCApp - ERROR - 'COST_TYPE'No valid vdx placements for IO - 593397
2018-04-24 21:28:57,190 - EOCApp - ERROR - 'Delivery%'No valid No valid vdx placements
2018-04-24 21:28:57,190 - EOCApp - ERROR - 'PLACEMENT#'No valid preroll placements for IO - 593397
2018-04-24 21:28:57,190 - EOCApp - ERROR - 'Delivered_Impressions'No valid preroll placements for IO - 593397
2018-04-24 21:28:57,190 - EOCApp - ERROR - 'Delivery%'No valid preroll placements for IO - 593397
2018-04-25 00:45:10,407 - EOCApp - ERROR - Cannot set a frame with no defined index and a value that cannot be converted to a SeriesNo valid placements for VDX Creative for IO - 593397
2018-04-25 00:45:10,423 - EOCApp - ERROR - Cannot set a frame with no defined index and a value that cannot be converted to a SeriesNo valid placements for VDX Creative for IO - 593397
2018-04-25 00:45:10,438 - EOCApp - ERROR - "['Delivered_Engagements' 'Delivered_Impressions'] not in index"No valid placements for VDX Creative for IO - 593397
2018-04-25 00:45:10,453 - EOCApp - ERROR - Cannot set a frame with no defined index and a value that cannot be converted to a SeriesNo valid preroll placements for IO - 593397
2018-04-25 00:45:10,453 - EOCApp - ERROR - "['Delivered_Impressions'] not in index"No valid preroll placements for IO - 593397
2018-04-25 00:45:10,578 - EOCApp - ERROR - 'Delivered_Engagements'No valid vdx placements for IO - 593397
2018-04-25 00:45:10,578 - EOCApp - ERROR - 'Delivered_Engagements'No valid vdx placements for IO - 593397
2018-04-25 00:45:10,578 - EOCApp - ERROR - 'COST_TYPE'No valid vdx placements for IO - 593397
2018-04-25 00:45:10,578 - EOCApp - ERROR - 'Delivery%'No valid No valid vdx placements
2018-04-25 00:45:10,578 - EOCApp - ERROR - 'PLACEMENT#'No valid preroll placements for IO - 593397
2018-04-25 00:45:10,578 - EOCApp - ERROR - 'Delivered_Impressions'No valid preroll placements for IO - 593397
2018-04-25 00:45:10,595 - EOCApp - ERROR - 'Delivery%'No valid preroll placements for IO - 593397
