2018-04-24 16:58:29,667 - EOCApp - ERROR - Cannot set a frame with no defined index and a value that cannot be converted to a SeriesNo valid preroll placements for IO - 605857
2018-04-24 16:58:29,667 - EOCApp - ERROR - "['Delivered_Impressions'] not in index"No valid preroll placements for IO - 605857
2018-04-24 16:58:33,279 - EOCApp - ERROR - Cannot set a frame with no defined index and a value that cannot be converted to a SeriesNo valid preroll placements for IO - 605857
2018-04-24 16:58:33,279 - EOCApp - ERROR - "['Delivered_Impressions'] not in index"No valid preroll placements for IO - 605857
2018-04-24 16:58:33,311 - EOCApp - ERROR - 'PLACEMENT#'No valid preroll placements for IO - 605857
2018-04-24 16:58:33,311 - EOCApp - ERROR - 'Delivered_Impressions'No valid preroll placements for IO - 605857
2018-04-24 16:58:33,311 - EOCApp - ERROR - 'Delivery%'No valid preroll placements for IO - 605857
2018-04-24 16:58:36,622 - EOCApp - ERROR - Cannot set a frame with no defined index and a value that cannot be converted to a SeriesNo valid preroll placements for IO - 605857
2018-04-24 16:58:36,622 - EOCApp - ERROR - "['Delivered_Impressions'] not in index"No valid preroll placements for IO - 605857
2018-04-24 16:58:36,654 - EOCApp - ERROR - 'PLACEMENT#'No valid preroll placements for IO - 605857
2018-04-24 16:58:36,654 - EOCApp - ERROR - 'Delivered_Impressions'No valid preroll placements for IO - 605857
2018-04-24 16:58:36,654 - EOCApp - ERROR - 'Delivery%'No valid preroll placements for IO - 605857
2018-04-24 16:58:39,986 - EOCApp - ERROR - Cannot set a frame with no defined index and a value that cannot be converted to a SeriesNo valid preroll placements for IO - 605857
2018-04-24 16:58:39,986 - EOCApp - ERROR - "['Delivered_Impressions'] not in index"No valid preroll placements for IO - 605857
2018-04-24 16:58:40,003 - EOCApp - ERROR - 'PLACEMENT#'No valid preroll placements for IO - 605857
2018-04-24 16:58:40,003 - EOCApp - ERROR - 'Delivered_Impressions'No valid preroll placements for IO - 605857
2018-04-24 16:58:40,003 - EOCApp - ERROR - 'Delivery%'No valid preroll placements for IO - 605857
2018-04-24 16:58:42,967 - EOCApp - ERROR - Cannot set a frame with no defined index and a value that cannot be converted to a SeriesNo valid preroll placements for IO - 605857
2018-04-24 16:58:42,967 - EOCApp - ERROR - "['Delivered_Impressions'] not in index"No valid preroll placements for IO - 605857
2018-04-24 16:58:42,983 - EOCApp - ERROR - 'PLACEMENT#'No valid preroll placements for IO - 605857
2018-04-24 16:58:42,983 - EOCApp - ERROR - 'Delivered_Impressions'No valid preroll placements for IO - 605857
2018-04-24 16:58:42,983 - EOCApp - ERROR - 'Delivery%'No valid preroll placements for IO - 605857
