2018-07-04 23:57:56,851 - EOCApp - ERROR - ORA-12170: TNS:Connect timeout occurred
Failed to connect to 10.29.20.76: Please Retry for IO: {}
2018-07-23 19:07:58,742 - EOCApp - ERROR - unsupported operand type(s) for *: 'NoneType' and 'float'
2018-07-23 19:07:58,742 - EOCApp - ERROR - 'NoneType' object has no attribute '__getitem__'
2018-07-23 19:07:58,742 - EOCApp - ERROR - 'NoneType' object has no attribute 'rename'
2018-07-23 19:07:58,742 - EOCApp - ERROR - 'NoneType' object has no attribute 'to_excel'
2018-07-23 19:07:58,742 - EOCApp - ERROR - 'NoneType' object has no attribute 'shape'
2018-07-23 19:08:06,536 - EOCApp - ERROR - 'float' object has no attribute 'rint'
2018-07-23 19:08:06,563 - EOCApp - ERROR - 'float' object has no attribute 'rint'
2018-07-23 19:08:06,575 - EOCApp - ERROR - 'float' object has no attribute 'rint'
2018-07-23 19:11:08,398 - EOCApp - ERROR - 'float' object has no attribute 'rint'
2018-07-23 19:11:08,407 - EOCApp - ERROR - 'float' object has no attribute 'rint'
2018-07-23 19:11:08,414 - EOCApp - ERROR - 'float' object has no attribute 'rint'
2018-07-23 19:20:30,476 - EOCApp - ERROR - 'float' object has no attribute 'rint'
2018-07-23 19:20:30,493 - EOCApp - ERROR - 'float' object has no attribute 'rint'
2018-07-23 19:20:30,507 - EOCApp - ERROR - 'float' object has no attribute 'rint'
2018-07-23 19:22:36,775 - EOCApp - ERROR - 'float' object has no attribute 'rint'
2018-07-23 19:22:36,805 - EOCApp - ERROR - 'float' object has no attribute 'rint'
2018-07-23 19:22:36,822 - EOCApp - ERROR - 'float' object has no attribute 'rint'
2018-07-23 19:25:12,556 - EOCApp - ERROR - 'float' object has no attribute 'rint'
2018-07-23 19:25:12,572 - EOCApp - ERROR - 'float' object has no attribute 'rint'
2018-07-23 19:25:12,572 - EOCApp - ERROR - 'float' object has no attribute 'rint'
