2018-04-24 12:01:47,407 - EOCApp - ERROR - Cannot set a frame with no defined index and a value that cannot be converted to a SeriesNo valid placements for VDX Creative for IO - 606817
2018-04-24 12:01:47,407 - EOCApp - ERROR - Cannot set a frame with no defined index and a value that cannot be converted to a SeriesNo valid placements for VDX Creative for IO - 606817
2018-04-24 12:01:47,407 - EOCApp - ERROR - "['Delivered_Engagements' 'Delivered_Impressions'] not in index"No valid placements for VDX Creative for IO - 606817
2018-04-24 12:01:47,421 - EOCApp - ERROR - Cannot set a frame with no defined index and a value that cannot be converted to a SeriesNo valid preroll placements for IO - 606817
2018-04-24 12:01:47,421 - EOCApp - ERROR - "['Delivered_Impressions'] not in index"No valid preroll placements for IO - 606817
2018-04-24 12:01:49,845 - EOCApp - ERROR - Cannot set a frame with no defined index and a value that cannot be converted to a SeriesNo valid placements for VDX Creative for IO - 606817
2018-04-24 12:01:49,861 - EOCApp - ERROR - Cannot set a frame with no defined index and a value that cannot be converted to a SeriesNo valid placements for VDX Creative for IO - 606817
2018-04-24 12:01:49,861 - EOCApp - ERROR - "['Delivered_Engagements' 'Delivered_Impressions'] not in index"No valid placements for VDX Creative for IO - 606817
2018-04-24 12:01:49,861 - EOCApp - ERROR - Cannot set a frame with no defined index and a value that cannot be converted to a SeriesNo valid preroll placements for IO - 606817
2018-04-24 12:01:49,861 - EOCApp - ERROR - "['Delivered_Impressions'] not in index"No valid preroll placements for IO - 606817
2018-04-24 12:01:49,907 - EOCApp - ERROR - 'Delivered_Engagements'No valid vdx placements for IO - 606817
2018-04-24 12:01:49,907 - EOCApp - ERROR - 'Delivered_Engagements'No valid vdx placements for IO - 606817
2018-04-24 12:01:49,907 - EOCApp - ERROR - 'COST_TYPE'No valid vdx placements for IO - 606817
2018-04-24 12:01:49,907 - EOCApp - ERROR - 'Delivery%'No valid No valid vdx placements
2018-04-24 12:01:49,907 - EOCApp - ERROR - 'PLACEMENT#'No valid preroll placements for IO - 606817
2018-04-24 12:01:49,907 - EOCApp - ERROR - 'Delivered_Impressions'No valid preroll placements for IO - 606817
2018-04-24 12:01:49,907 - EOCApp - ERROR - 'Delivery%'No valid preroll placements for IO - 606817
2018-04-24 12:01:52,428 - EOCApp - ERROR - Cannot set a frame with no defined index and a value that cannot be converted to a SeriesNo valid placements for VDX Creative for IO - 606817
2018-04-24 12:01:52,428 - EOCApp - ERROR - Cannot set a frame with no defined index and a value that cannot be converted to a SeriesNo valid placements for VDX Creative for IO - 606817
2018-04-24 12:01:52,428 - EOCApp - ERROR - "['Delivered_Engagements' 'Delivered_Impressions'] not in index"No valid placements for VDX Creative for IO - 606817
2018-04-24 12:01:52,444 - EOCApp - ERROR - Cannot set a frame with no defined index and a value that cannot be converted to a SeriesNo valid preroll placements for IO - 606817
2018-04-24 12:01:52,444 - EOCApp - ERROR - "['Delivered_Impressions'] not in index"No valid preroll placements for IO - 606817
2018-04-24 12:01:52,476 - EOCApp - ERROR - 'Delivered_Engagements'No valid vdx placements for IO - 606817
2018-04-24 12:01:52,476 - EOCApp - ERROR - 'Delivered_Engagements'No valid vdx placements for IO - 606817
2018-04-24 12:01:52,476 - EOCApp - ERROR - 'COST_TYPE'No valid vdx placements for IO - 606817
2018-04-24 12:01:52,476 - EOCApp - ERROR - 'Delivery%'No valid No valid vdx placements
2018-04-24 12:01:52,476 - EOCApp - ERROR - 'PLACEMENT#'No valid preroll placements for IO - 606817
2018-04-24 12:01:52,476 - EOCApp - ERROR - 'Delivered_Impressions'No valid preroll placements for IO - 606817
2018-04-24 12:01:52,476 - EOCApp - ERROR - 'Delivery%'No valid preroll placements for IO - 606817
2018-04-24 12:01:55,007 - EOCApp - ERROR - Cannot set a frame with no defined index and a value that cannot be converted to a SeriesNo valid placements for VDX Creative for IO - 606817
2018-04-24 12:01:55,023 - EOCApp - ERROR - Cannot set a frame with no defined index and a value that cannot be converted to a SeriesNo valid placements for VDX Creative for IO - 606817
2018-04-24 12:01:55,039 - EOCApp - ERROR - "['Delivered_Engagements' 'Delivered_Impressions'] not in index"No valid placements for VDX Creative for IO - 606817
2018-04-24 12:01:55,055 - EOCApp - ERROR - Cannot set a frame with no defined index and a value that cannot be converted to a SeriesNo valid preroll placements for IO - 606817
2018-04-24 12:01:55,055 - EOCApp - ERROR - "['Delivered_Impressions'] not in index"No valid preroll placements for IO - 606817
2018-04-24 12:01:55,101 - EOCApp - ERROR - 'Delivered_Engagements'No valid vdx placements for IO - 606817
2018-04-24 12:01:55,101 - EOCApp - ERROR - 'Delivered_Engagements'No valid vdx placements for IO - 606817
2018-04-24 12:01:55,101 - EOCApp - ERROR - 'COST_TYPE'No valid vdx placements for IO - 606817
2018-04-24 12:01:55,101 - EOCApp - ERROR - 'Delivery%'No valid No valid vdx placements
2018-04-24 12:01:55,101 - EOCApp - ERROR - 'PLACEMENT#'No valid preroll placements for IO - 606817
2018-04-24 12:01:55,101 - EOCApp - ERROR - 'Delivered_Impressions'No valid preroll placements for IO - 606817
2018-04-24 12:01:55,117 - EOCApp - ERROR - 'Delivery%'No valid preroll placements for IO - 606817
2018-04-24 12:01:57,811 - EOCApp - ERROR - Cannot set a frame with no defined index and a value that cannot be converted to a SeriesNo valid placements for VDX Creative for IO - 606817
2018-04-24 12:01:57,842 - EOCApp - ERROR - Cannot set a frame with no defined index and a value that cannot be converted to a SeriesNo valid placements for VDX Creative for IO - 606817
2018-04-24 12:01:57,842 - EOCApp - ERROR - "['Delivered_Engagements' 'Delivered_Impressions'] not in index"No valid placements for VDX Creative for IO - 606817
2018-04-24 12:01:57,874 - EOCApp - ERROR - Cannot set a frame with no defined index and a value that cannot be converted to a SeriesNo valid preroll placements for IO - 606817
2018-04-24 12:01:57,874 - EOCApp - ERROR - "['Delivered_Impressions'] not in index"No valid preroll placements for IO - 606817
2018-04-24 12:01:57,920 - EOCApp - ERROR - 'Delivered_Engagements'No valid vdx placements for IO - 606817
2018-04-24 12:01:57,920 - EOCApp - ERROR - 'Delivered_Engagements'No valid vdx placements for IO - 606817
2018-04-24 12:01:57,920 - EOCApp - ERROR - 'COST_TYPE'No valid vdx placements for IO - 606817
2018-04-24 12:01:57,920 - EOCApp - ERROR - 'Delivery%'No valid No valid vdx placements
2018-04-24 12:01:57,920 - EOCApp - ERROR - 'PLACEMENT#'No valid preroll placements for IO - 606817
2018-04-24 12:01:57,920 - EOCApp - ERROR - 'Delivered_Impressions'No valid preroll placements for IO - 606817
2018-04-24 12:01:57,920 - EOCApp - ERROR - 'Delivery%'No valid preroll placements for IO - 606817
2018-04-24 12:02:27,911 - EOCApp - ERROR - 'Placement# Name'Not found in intraction table
2018-04-24 12:02:29,865 - EOCApp - ERROR - 'Placement# Name'Not found in intraction table
2018-04-24 12:02:32,085 - EOCApp - ERROR - 'Placement# Name'Not found in intraction table
2018-04-24 12:02:32,101 - EOCApp - ERROR - 'NoneType' object has no attribute 'empty'Not found in intraction
2018-04-24 12:02:32,101 - EOCApp - ERROR - 'Standard Preroll(606817)'Not found in Intraction
2018-04-24 16:22:01,040 - EOCApp - ERROR - Cannot set a frame with no defined index and a value that cannot be converted to a SeriesNo valid placements for VDX Creative for IO - 606817
2018-04-24 16:22:01,049 - EOCApp - ERROR - Cannot set a frame with no defined index and a value that cannot be converted to a SeriesNo valid placements for VDX Creative for IO - 606817
2018-04-24 16:22:01,051 - EOCApp - ERROR - "['Delivered_Engagements' 'Delivered_Impressions'] not in index"No valid placements for VDX Creative for IO - 606817
2018-04-24 16:22:01,062 - EOCApp - ERROR - Cannot set a frame with no defined index and a value that cannot be converted to a SeriesNo valid preroll placements for IO - 606817
2018-04-24 16:22:01,065 - EOCApp - ERROR - "['Delivered_Impressions'] not in index"No valid preroll placements for IO - 606817
2018-04-24 16:22:05,510 - EOCApp - ERROR - Cannot set a frame with no defined index and a value that cannot be converted to a SeriesNo valid placements for VDX Creative for IO - 606817
2018-04-24 16:22:05,510 - EOCApp - ERROR - Cannot set a frame with no defined index and a value that cannot be converted to a SeriesNo valid placements for VDX Creative for IO - 606817
2018-04-24 16:22:05,510 - EOCApp - ERROR - "['Delivered_Engagements' 'Delivered_Impressions'] not in index"No valid placements for VDX Creative for IO - 606817
2018-04-24 16:22:05,526 - EOCApp - ERROR - Cannot set a frame with no defined index and a value that cannot be converted to a SeriesNo valid preroll placements for IO - 606817
2018-04-24 16:22:05,526 - EOCApp - ERROR - "['Delivered_Impressions'] not in index"No valid preroll placements for IO - 606817
2018-04-24 16:22:05,573 - EOCApp - ERROR - 'Delivered_Engagements'No valid vdx placements for IO - 606817
2018-04-24 16:22:05,573 - EOCApp - ERROR - 'Delivered_Engagements'No valid vdx placements for IO - 606817
2018-04-24 16:22:05,573 - EOCApp - ERROR - 'COST_TYPE'No valid vdx placements for IO - 606817
2018-04-24 16:22:05,573 - EOCApp - ERROR - 'Delivery%'No valid No valid vdx placements
2018-04-24 16:22:05,573 - EOCApp - ERROR - 'PLACEMENT#'No valid preroll placements for IO - 606817
2018-04-24 16:22:05,573 - EOCApp - ERROR - 'Delivered_Impressions'No valid preroll placements for IO - 606817
2018-04-24 16:22:05,573 - EOCApp - ERROR - 'Delivery%'No valid preroll placements for IO - 606817
2018-04-24 16:22:08,447 - EOCApp - ERROR - Cannot set a frame with no defined index and a value that cannot be converted to a SeriesNo valid placements for VDX Creative for IO - 606817
2018-04-24 16:22:08,447 - EOCApp - ERROR - Cannot set a frame with no defined index and a value that cannot be converted to a SeriesNo valid placements for VDX Creative for IO - 606817
2018-04-24 16:22:08,447 - EOCApp - ERROR - "['Delivered_Engagements' 'Delivered_Impressions'] not in index"No valid placements for VDX Creative for IO - 606817
2018-04-24 16:22:08,463 - EOCApp - ERROR - Cannot set a frame with no defined index and a value that cannot be converted to a SeriesNo valid preroll placements for IO - 606817
2018-04-24 16:22:08,463 - EOCApp - ERROR - "['Delivered_Impressions'] not in index"No valid preroll placements for IO - 606817
2018-04-24 16:22:08,477 - EOCApp - ERROR - 'Delivered_Engagements'No valid vdx placements for IO - 606817
2018-04-24 16:22:08,477 - EOCApp - ERROR - 'Delivered_Engagements'No valid vdx placements for IO - 606817
2018-04-24 16:22:08,477 - EOCApp - ERROR - 'COST_TYPE'No valid vdx placements for IO - 606817
2018-04-24 16:22:08,477 - EOCApp - ERROR - 'Delivery%'No valid No valid vdx placements
2018-04-24 16:22:08,477 - EOCApp - ERROR - 'PLACEMENT#'No valid preroll placements for IO - 606817
2018-04-24 16:22:08,477 - EOCApp - ERROR - 'Delivered_Impressions'No valid preroll placements for IO - 606817
2018-04-24 16:22:08,477 - EOCApp - ERROR - 'Delivery%'No valid preroll placements for IO - 606817
2018-04-24 16:22:11,089 - EOCApp - ERROR - Cannot set a frame with no defined index and a value that cannot be converted to a SeriesNo valid placements for VDX Creative for IO - 606817
2018-04-24 16:22:11,089 - EOCApp - ERROR - Cannot set a frame with no defined index and a value that cannot be converted to a SeriesNo valid placements for VDX Creative for IO - 606817
2018-04-24 16:22:11,089 - EOCApp - ERROR - "['Delivered_Engagements' 'Delivered_Impressions'] not in index"No valid placements for VDX Creative for IO - 606817
2018-04-24 16:22:11,105 - EOCApp - ERROR - Cannot set a frame with no defined index and a value that cannot be converted to a SeriesNo valid preroll placements for IO - 606817
2018-04-24 16:22:11,105 - EOCApp - ERROR - "['Delivered_Impressions'] not in index"No valid preroll placements for IO - 606817
2018-04-24 16:22:11,121 - EOCApp - ERROR - 'Delivered_Engagements'No valid vdx placements for IO - 606817
2018-04-24 16:22:11,121 - EOCApp - ERROR - 'Delivered_Engagements'No valid vdx placements for IO - 606817
2018-04-24 16:22:11,121 - EOCApp - ERROR - 'COST_TYPE'No valid vdx placements for IO - 606817
2018-04-24 16:22:11,121 - EOCApp - ERROR - 'Delivery%'No valid No valid vdx placements
2018-04-24 16:22:11,121 - EOCApp - ERROR - 'PLACEMENT#'No valid preroll placements for IO - 606817
2018-04-24 16:22:11,121 - EOCApp - ERROR - 'Delivered_Impressions'No valid preroll placements for IO - 606817
2018-04-24 16:22:11,121 - EOCApp - ERROR - 'Delivery%'No valid preroll placements for IO - 606817
2018-04-24 16:22:13,671 - EOCApp - ERROR - Cannot set a frame with no defined index and a value that cannot be converted to a SeriesNo valid placements for VDX Creative for IO - 606817
2018-04-24 16:22:13,687 - EOCApp - ERROR - Cannot set a frame with no defined index and a value that cannot be converted to a SeriesNo valid placements for VDX Creative for IO - 606817
2018-04-24 16:22:13,687 - EOCApp - ERROR - "['Delivered_Engagements' 'Delivered_Impressions'] not in index"No valid placements for VDX Creative for IO - 606817
2018-04-24 16:22:13,687 - EOCApp - ERROR - Cannot set a frame with no defined index and a value that cannot be converted to a SeriesNo valid preroll placements for IO - 606817
2018-04-24 16:22:13,687 - EOCApp - ERROR - "['Delivered_Impressions'] not in index"No valid preroll placements for IO - 606817
2018-04-24 16:22:13,703 - EOCApp - ERROR - 'Delivered_Engagements'No valid vdx placements for IO - 606817
2018-04-24 16:22:13,703 - EOCApp - ERROR - 'Delivered_Engagements'No valid vdx placements for IO - 606817
2018-04-24 16:22:13,703 - EOCApp - ERROR - 'COST_TYPE'No valid vdx placements for IO - 606817
2018-04-24 16:22:13,703 - EOCApp - ERROR - 'Delivery%'No valid No valid vdx placements
2018-04-24 16:22:13,703 - EOCApp - ERROR - 'PLACEMENT#'No valid preroll placements for IO - 606817
2018-04-24 16:22:13,703 - EOCApp - ERROR - 'Delivered_Impressions'No valid preroll placements for IO - 606817
2018-04-24 16:22:13,703 - EOCApp - ERROR - 'Delivery%'No valid preroll placements for IO - 606817
2018-04-24 16:22:18,207 - EOCApp - ERROR - 'Placement# Name'Not found in intraction table
2018-04-24 16:22:19,809 - EOCApp - ERROR - 'Placement# Name'Not found in intraction table
2018-04-24 16:22:22,779 - EOCApp - ERROR - 'Placement# Name'Not found in intraction table
2018-04-24 16:22:22,779 - EOCApp - ERROR - 'NoneType' object has no attribute 'empty'Not found in intraction
2018-04-24 16:22:22,779 - EOCApp - ERROR - 'Standard Preroll(606817)'Not found in Intraction
2018-04-24 16:24:20,076 - EOCApp - ERROR - Cannot set a frame with no defined index and a value that cannot be converted to a SeriesNo valid placements for VDX Creative for IO - 606817
2018-04-24 16:24:20,092 - EOCApp - ERROR - Cannot set a frame with no defined index and a value that cannot be converted to a SeriesNo valid placements for VDX Creative for IO - 606817
2018-04-24 16:24:20,092 - EOCApp - ERROR - "['Delivered_Engagements' 'Delivered_Impressions'] not in index"No valid placements for VDX Creative for IO - 606817
2018-04-24 16:24:20,092 - EOCApp - ERROR - Cannot set a frame with no defined index and a value that cannot be converted to a SeriesNo valid preroll placements for IO - 606817
2018-04-24 16:24:20,092 - EOCApp - ERROR - "['Delivered_Impressions'] not in index"No valid preroll placements for IO - 606817
2018-04-24 16:24:22,732 - EOCApp - ERROR - Cannot set a frame with no defined index and a value that cannot be converted to a SeriesNo valid placements for VDX Creative for IO - 606817
2018-04-24 16:24:22,732 - EOCApp - ERROR - Cannot set a frame with no defined index and a value that cannot be converted to a SeriesNo valid placements for VDX Creative for IO - 606817
2018-04-24 16:24:22,732 - EOCApp - ERROR - "['Delivered_Engagements' 'Delivered_Impressions'] not in index"No valid placements for VDX Creative for IO - 606817
2018-04-24 16:24:22,747 - EOCApp - ERROR - Cannot set a frame with no defined index and a value that cannot be converted to a SeriesNo valid preroll placements for IO - 606817
2018-04-24 16:24:22,747 - EOCApp - ERROR - "['Delivered_Impressions'] not in index"No valid preroll placements for IO - 606817
2018-04-24 16:24:22,779 - EOCApp - ERROR - 'Delivered_Engagements'No valid vdx placements for IO - 606817
2018-04-24 16:24:22,779 - EOCApp - ERROR - 'Delivered_Engagements'No valid vdx placements for IO - 606817
2018-04-24 16:24:22,779 - EOCApp - ERROR - 'COST_TYPE'No valid vdx placements for IO - 606817
2018-04-24 16:24:22,779 - EOCApp - ERROR - 'Delivery%'No valid No valid vdx placements
2018-04-24 16:24:22,779 - EOCApp - ERROR - 'PLACEMENT#'No valid preroll placements for IO - 606817
2018-04-24 16:24:22,779 - EOCApp - ERROR - 'Delivered_Impressions'No valid preroll placements for IO - 606817
2018-04-24 16:24:22,779 - EOCApp - ERROR - 'Delivery%'No valid preroll placements for IO - 606817
2018-04-24 16:24:25,282 - EOCApp - ERROR - Cannot set a frame with no defined index and a value that cannot be converted to a SeriesNo valid placements for VDX Creative for IO - 606817
2018-04-24 16:24:25,296 - EOCApp - ERROR - Cannot set a frame with no defined index and a value that cannot be converted to a SeriesNo valid placements for VDX Creative for IO - 606817
2018-04-24 16:24:25,296 - EOCApp - ERROR - "['Delivered_Engagements' 'Delivered_Impressions'] not in index"No valid placements for VDX Creative for IO - 606817
2018-04-24 16:24:25,312 - EOCApp - ERROR - Cannot set a frame with no defined index and a value that cannot be converted to a SeriesNo valid preroll placements for IO - 606817
2018-04-24 16:24:25,312 - EOCApp - ERROR - "['Delivered_Impressions'] not in index"No valid preroll placements for IO - 606817
2018-04-24 16:24:25,328 - EOCApp - ERROR - 'Delivered_Engagements'No valid vdx placements for IO - 606817
2018-04-24 16:24:25,328 - EOCApp - ERROR - 'Delivered_Engagements'No valid vdx placements for IO - 606817
2018-04-24 16:24:25,328 - EOCApp - ERROR - 'COST_TYPE'No valid vdx placements for IO - 606817
2018-04-24 16:24:25,328 - EOCApp - ERROR - 'Delivery%'No valid No valid vdx placements
2018-04-24 16:24:25,328 - EOCApp - ERROR - 'PLACEMENT#'No valid preroll placements for IO - 606817
2018-04-24 16:24:25,328 - EOCApp - ERROR - 'Delivered_Impressions'No valid preroll placements for IO - 606817
2018-04-24 16:24:25,328 - EOCApp - ERROR - 'Delivery%'No valid preroll placements for IO - 606817
2018-04-24 16:24:27,911 - EOCApp - ERROR - Cannot set a frame with no defined index and a value that cannot be converted to a SeriesNo valid placements for VDX Creative for IO - 606817
2018-04-24 16:24:27,911 - EOCApp - ERROR - Cannot set a frame with no defined index and a value that cannot be converted to a SeriesNo valid placements for VDX Creative for IO - 606817
2018-04-24 16:24:27,926 - EOCApp - ERROR - "['Delivered_Engagements' 'Delivered_Impressions'] not in index"No valid placements for VDX Creative for IO - 606817
2018-04-24 16:24:27,926 - EOCApp - ERROR - Cannot set a frame with no defined index and a value that cannot be converted to a SeriesNo valid preroll placements for IO - 606817
2018-04-24 16:24:27,926 - EOCApp - ERROR - "['Delivered_Impressions'] not in index"No valid preroll placements for IO - 606817
2018-04-24 16:24:27,957 - EOCApp - ERROR - 'Delivered_Engagements'No valid vdx placements for IO - 606817
2018-04-24 16:24:27,957 - EOCApp - ERROR - 'Delivered_Engagements'No valid vdx placements for IO - 606817
2018-04-24 16:24:27,957 - EOCApp - ERROR - 'COST_TYPE'No valid vdx placements for IO - 606817
2018-04-24 16:24:27,957 - EOCApp - ERROR - 'Delivery%'No valid No valid vdx placements
2018-04-24 16:24:27,957 - EOCApp - ERROR - 'PLACEMENT#'No valid preroll placements for IO - 606817
2018-04-24 16:24:27,957 - EOCApp - ERROR - 'Delivered_Impressions'No valid preroll placements for IO - 606817
2018-04-24 16:24:27,957 - EOCApp - ERROR - 'Delivery%'No valid preroll placements for IO - 606817
2018-04-24 16:24:30,434 - EOCApp - ERROR - Cannot set a frame with no defined index and a value that cannot be converted to a SeriesNo valid placements for VDX Creative for IO - 606817
2018-04-24 16:24:30,434 - EOCApp - ERROR - Cannot set a frame with no defined index and a value that cannot be converted to a SeriesNo valid placements for VDX Creative for IO - 606817
2018-04-24 16:24:30,434 - EOCApp - ERROR - "['Delivered_Engagements' 'Delivered_Impressions'] not in index"No valid placements for VDX Creative for IO - 606817
2018-04-24 16:24:30,450 - EOCApp - ERROR - Cannot set a frame with no defined index and a value that cannot be converted to a SeriesNo valid preroll placements for IO - 606817
2018-04-24 16:24:30,450 - EOCApp - ERROR - "['Delivered_Impressions'] not in index"No valid preroll placements for IO - 606817
2018-04-24 16:24:30,466 - EOCApp - ERROR - 'Delivered_Engagements'No valid vdx placements for IO - 606817
2018-04-24 16:24:30,466 - EOCApp - ERROR - 'Delivered_Engagements'No valid vdx placements for IO - 606817
2018-04-24 16:24:30,466 - EOCApp - ERROR - 'COST_TYPE'No valid vdx placements for IO - 606817
2018-04-24 16:24:30,466 - EOCApp - ERROR - 'Delivery%'No valid No valid vdx placements
2018-04-24 16:24:30,466 - EOCApp - ERROR - 'PLACEMENT#'No valid preroll placements for IO - 606817
2018-04-24 16:24:30,466 - EOCApp - ERROR - 'Delivered_Impressions'No valid preroll placements for IO - 606817
2018-04-24 16:24:30,466 - EOCApp - ERROR - 'Delivery%'No valid preroll placements for IO - 606817
2018-04-24 16:24:55,035 - EOCApp - ERROR - 'Placement# Name'Not found in intraction table
2018-04-24 16:24:56,881 - EOCApp - ERROR - 'Placement# Name'Not found in intraction table
2018-04-24 16:24:58,782 - EOCApp - ERROR - 'Placement# Name'Not found in intraction table
2018-04-24 16:24:58,782 - EOCApp - ERROR - 'NoneType' object has no attribute 'empty'Not found in intraction
2018-04-24 16:24:58,782 - EOCApp - ERROR - 'Standard Preroll(606817)'Not found in Intraction
2018-05-27 14:32:04,815 - EOCApp - ERROR - ORA-12170: TNS:Connect timeout occurred
TNS:Connect timeout occurred: Please Retry for IO: 606817
